{
  "RSpec": {
    "coverage": {
      "/Users/lihkin/coding/ruby/practice/bloody_hogwarts/config/environment.rb": {
        "lines": [
          null,
          1,
          null,
          null,
          1
        ]
      },
      "/Users/lihkin/coding/ruby/practice/bloody_hogwarts/config/application.rb": {
        "lines": [
          1,
          null,
          1,
          null,
          null,
          null,
          1,
          null,
          1,
          1,
          null,
          1,
          null,
          null,
          null,
          null,
          null,
          null,
          null
        ]
      },
      "/Users/lihkin/coding/ruby/practice/bloody_hogwarts/config/boot.rb": {
        "lines": [
          1,
          null,
          1,
          1
        ]
      },
      "/Users/lihkin/coding/ruby/practice/bloody_hogwarts/config/environments/test.rb": {
        "lines": [
          1,
          null,
          null,
          null,
          null,
          null,
          null,
          1,
          null,
          null,
          null,
          null,
          1,
          null,
          null,
          1,
          1,
          null,
          null,
          null,
          null,
          1,
          1,
          null,
          null,
          1,
          null,
          null,
          1,
          null,
          null,
          1,
          null,
          1,
          null,
          null,
          null,
          null,
          1,
          null,
          null,
          1,
          null,
          null,
          null,
          null
        ]
      },
      "/Users/lihkin/coding/ruby/practice/bloody_hogwarts/config/initializers/application_controller_renderer.rb": {
        "lines": [
          null,
          null,
          null,
          null,
          null,
          null,
          null,
          null
        ]
      },
      "/Users/lihkin/coding/ruby/practice/bloody_hogwarts/config/initializers/assets.rb": {
        "lines": [
          null,
          null,
          null,
          1,
          null,
          null,
          null,
          null,
          1,
          null,
          null,
          null,
          null,
          null
        ]
      },
      "/Users/lihkin/coding/ruby/practice/bloody_hogwarts/config/initializers/backtrace_silencers.rb": {
        "lines": [
          null,
          null,
          null,
          null,
          null,
          null,
          null
        ]
      },
      "/Users/lihkin/coding/ruby/practice/bloody_hogwarts/config/initializers/content_security_policy.rb": {
        "lines": [
          null,
          null,
          null,
          null,
          null,
          null,
          null,
          null,
          null,
          null,
          null,
          null,
          null,
          null,
          null,
          null,
          null,
          null,
          null,
          null,
          null,
          null,
          null,
          null,
          null
        ]
      },
      "/Users/lihkin/coding/ruby/practice/bloody_hogwarts/config/initializers/cookies_serializer.rb": {
        "lines": [
          null,
          null,
          null,
          null,
          1
        ]
      },
      "/Users/lihkin/coding/ruby/practice/bloody_hogwarts/config/initializers/filter_parameter_logging.rb": {
        "lines": [
          null,
          null,
          null,
          1
        ]
      },
      "/Users/lihkin/coding/ruby/practice/bloody_hogwarts/config/initializers/inflections.rb": {
        "lines": [
          null,
          null,
          null,
          null,
          null,
          null,
          null,
          null,
          null,
          null,
          null,
          null,
          null,
          null,
          null,
          null
        ]
      },
      "/Users/lihkin/coding/ruby/practice/bloody_hogwarts/config/initializers/mime_types.rb": {
        "lines": [
          null,
          null,
          null,
          null
        ]
      },
      "/Users/lihkin/coding/ruby/practice/bloody_hogwarts/config/initializers/new_framework_defaults_5_2.rb": {
        "lines": [
          null,
          null,
          null,
          null,
          null,
          null,
          null,
          null,
          null,
          null,
          null,
          null,
          null,
          null,
          null,
          null,
          null,
          null,
          null,
          null,
          null,
          null,
          null,
          null,
          null,
          null,
          null,
          null,
          null,
          null,
          null,
          null,
          null,
          null,
          null,
          null,
          null,
          null
        ]
      },
      "/Users/lihkin/coding/ruby/practice/bloody_hogwarts/config/initializers/wrap_parameters.rb": {
        "lines": [
          null,
          null,
          null,
          null,
          null,
          null,
          1,
          2,
          null,
          null,
          null,
          null,
          null,
          null
        ]
      },
      "/Users/lihkin/coding/ruby/practice/bloody_hogwarts/config/routes.rb": {
        "lines": [
          1,
          null,
          null
        ]
      },
      "/Users/lihkin/coding/ruby/practice/bloody_hogwarts/app/helpers/application_helper.rb": {
        "lines": [
          1,
          null
        ]
      },
      "/Users/lihkin/coding/ruby/practice/bloody_hogwarts/app/models/course.rb": {
        "lines": [
          1,
          1,
          1,
          null,
          1,
          null,
          null
        ]
      },
      "/Users/lihkin/coding/ruby/practice/bloody_hogwarts/app/models/application_record.rb": {
        "lines": [
          1,
          1,
          null
        ]
      },
      "/Users/lihkin/coding/ruby/practice/bloody_hogwarts/spec/models/student_course_spec.rb": {
        "lines": [
          1,
          null,
          1,
          null,
          1,
          2,
          2,
          null,
          null,
          null
        ]
      },
      "/Users/lihkin/coding/ruby/practice/bloody_hogwarts/app/models/student_course.rb": {
        "lines": [
          1,
          1,
          1,
          null,
          null
        ]
      },
      "/Users/lihkin/coding/ruby/practice/bloody_hogwarts/spec/models/student_spec.rb": {
        "lines": [
          1,
          null,
          1,
          null,
          1,
          2,
          2,
          2,
          null,
          null,
          1,
          2,
          2,
          null,
          null,
          null
        ]
      },
      "/Users/lihkin/coding/ruby/practice/bloody_hogwarts/app/models/student.rb": {
        "lines": [
          1,
          1,
          1,
          null,
          1,
          null,
          null
        ]
      }
    },
    "timestamp": 1660149083
  }
}
